[12-Nov-2025 01:12:03 UTC] PHP Deprecated:  File Theme without sidebar.php is <strong>deprecated</strong> since version 3.0.0 with no alternative available. Please include a sidebar.php template in your theme. in D:\wamp64\www\wordpress\wp-includes\functions.php on line 6121
[12-Nov-2025 01:12:03 UTC] PHP Stack trace:
[12-Nov-2025 01:12:03 UTC] PHP   1. {main}() D:\wamp64\www\wordpress\index.php:0
[12-Nov-2025 01:12:03 UTC] PHP   2. require() D:\wamp64\www\wordpress\index.php:17
[12-Nov-2025 01:12:03 UTC] PHP   3. require_once() D:\wamp64\www\wordpress\wp-blog-header.php:19
[12-Nov-2025 01:12:03 UTC] PHP   4. include() D:\wamp64\www\wordpress\wp-includes\template-loader.php:106
[12-Nov-2025 01:12:03 UTC] PHP   5. do_action($hook_name = 'woocommerce_sidebar') D:\wamp64\www\wordpress\wp-content\plugins\woocommerce\templates\archive-product.php:95
[12-Nov-2025 01:12:03 UTC] PHP   6. WP_Hook->do_action($args = [0 => '']) D:\wamp64\www\wordpress\wp-includes\plugin.php:517
[12-Nov-2025 01:12:03 UTC] PHP   7. WP_Hook->apply_filters($value = '', $args = [0 => '']) D:\wamp64\www\wordpress\wp-includes\class-wp-hook.php:348
[12-Nov-2025 01:12:03 UTC] PHP   8. woocommerce_get_sidebar('') D:\wamp64\www\wordpress\wp-includes\class-wp-hook.php:324
[12-Nov-2025 01:12:03 UTC] PHP   9. wc_get_template($template_name = 'global/sidebar.php', $args = *uninitialized*, $template_path = *uninitialized*, $default_path = *uninitialized*) D:\wamp64\www\wordpress\wp-content\plugins\woocommerce\includes\wc-template-functions.php:1077
[12-Nov-2025 01:12:03 UTC] PHP  10. include() D:\wamp64\www\wordpress\wp-content\plugins\woocommerce\includes\wc-core-functions.php:346
[12-Nov-2025 01:12:03 UTC] PHP  11. get_sidebar($name = 'shop', $args = *uninitialized*) D:\wamp64\www\wordpress\wp-content\plugins\woocommerce\templates\global\sidebar.php:22
[12-Nov-2025 01:12:03 UTC] PHP  12. locate_template($template_names = [0 => 'sidebar-shop.php', 1 => 'sidebar.php'], $load = TRUE, $load_once = TRUE, $args = []) D:\wamp64\www\wordpress\wp-includes\general-template.php:136
[12-Nov-2025 01:12:03 UTC] PHP  13. load_template($_template_file = 'D:\\wamp64\\www\\wordpress/wp-includes/theme-compat/sidebar.php', $load_once = TRUE, $args = []) D:\wamp64\www\wordpress\wp-includes\template.php:745
[12-Nov-2025 01:12:03 UTC] PHP  14. require_once() D:\wamp64\www\wordpress\wp-includes\template.php:810
[12-Nov-2025 01:12:03 UTC] PHP  15. _deprecated_file($file = 'Theme without sidebar.php', $version = '3.0.0', $replacement = NULL, $message = 'Please include a sidebar.php template in your theme.') D:\wamp64\www\wordpress\wp-includes\theme-compat\sidebar.php:9
[12-Nov-2025 01:12:03 UTC] PHP  16. wp_trigger_error($function_name = '', $message = 'File Theme without sidebar.php is <strong>deprecated</strong> since version 3.0.0 with no alternative available. Please include a sidebar.php template in your theme.', $error_level = 16384) D:\wamp64\www\wordpress\wp-includes\functions.php:5831
[12-Nov-2025 01:12:03 UTC] PHP  17. trigger_error($message = 'File Theme without sidebar.php is <strong>deprecated</strong> since version 3.0.0 with no alternative available. Please include a sidebar.php template in your theme.', $error_level = 16384) D:\wamp64\www\wordpress\wp-includes\functions.php:6121
[12-Nov-2025 01:12:12 UTC] PHP Deprecated:  File Theme without sidebar.php is <strong>deprecated</strong> since version 3.0.0 with no alternative available. Please include a sidebar.php template in your theme. in D:\wamp64\www\wordpress\wp-includes\functions.php on line 6121
[12-Nov-2025 01:12:12 UTC] PHP Stack trace:
[12-Nov-2025 01:12:12 UTC] PHP   1. {main}() D:\wamp64\www\wordpress\index.php:0
[12-Nov-2025 01:12:12 UTC] PHP   2. require() D:\wamp64\www\wordpress\index.php:17
[12-Nov-2025 01:12:12 UTC] PHP   3. require_once() D:\wamp64\www\wordpress\wp-blog-header.php:19
[12-Nov-2025 01:12:12 UTC] PHP   4. include() D:\wamp64\www\wordpress\wp-includes\template-loader.php:106
[12-Nov-2025 01:12:12 UTC] PHP   5. do_action($hook_name = 'woocommerce_sidebar') D:\wamp64\www\wordpress\wp-content\plugins\woocommerce\templates\archive-product.php:95
[12-Nov-2025 01:12:12 UTC] PHP   6. WP_Hook->do_action($args = [0 => '']) D:\wamp64\www\wordpress\wp-includes\plugin.php:517
[12-Nov-2025 01:12:12 UTC] PHP   7. WP_Hook->apply_filters($value = '', $args = [0 => '']) D:\wamp64\www\wordpress\wp-includes\class-wp-hook.php:348
[12-Nov-2025 01:12:12 UTC] PHP   8. woocommerce_get_sidebar('') D:\wamp64\www\wordpress\wp-includes\class-wp-hook.php:324
[12-Nov-2025 01:12:12 UTC] PHP   9. wc_get_template($template_name = 'global/sidebar.php', $args = *uninitialized*, $template_path = *uninitialized*, $default_path = *uninitialized*) D:\wamp64\www\wordpress\wp-content\plugins\woocommerce\includes\wc-template-functions.php:1077
[12-Nov-2025 01:12:12 UTC] PHP  10. include() D:\wamp64\www\wordpress\wp-content\plugins\woocommerce\includes\wc-core-functions.php:346
[12-Nov-2025 01:12:12 UTC] PHP  11. get_sidebar($name = 'shop', $args = *uninitialized*) D:\wamp64\www\wordpress\wp-content\plugins\woocommerce\templates\global\sidebar.php:22
[12-Nov-2025 01:12:12 UTC] PHP  12. locate_template($template_names = [0 => 'sidebar-shop.php', 1 => 'sidebar.php'], $load = TRUE, $load_once = TRUE, $args = []) D:\wamp64\www\wordpress\wp-includes\general-template.php:136
[12-Nov-2025 01:12:12 UTC] PHP  13. load_template($_template_file = 'D:\\wamp64\\www\\wordpress/wp-includes/theme-compat/sidebar.php', $load_once = TRUE, $args = []) D:\wamp64\www\wordpress\wp-includes\template.php:745
[12-Nov-2025 01:12:12 UTC] PHP  14. require_once() D:\wamp64\www\wordpress\wp-includes\template.php:810
[12-Nov-2025 01:12:12 UTC] PHP  15. _deprecated_file($file = 'Theme without sidebar.php', $version = '3.0.0', $replacement = NULL, $message = 'Please include a sidebar.php template in your theme.') D:\wamp64\www\wordpress\wp-includes\theme-compat\sidebar.php:9
[12-Nov-2025 01:12:12 UTC] PHP  16. wp_trigger_error($function_name = '', $message = 'File Theme without sidebar.php is <strong>deprecated</strong> since version 3.0.0 with no alternative available. Please include a sidebar.php template in your theme.', $error_level = 16384) D:\wamp64\www\wordpress\wp-includes\functions.php:5831
[12-Nov-2025 01:12:12 UTC] PHP  17. trigger_error($message = 'File Theme without sidebar.php is <strong>deprecated</strong> since version 3.0.0 with no alternative available. Please include a sidebar.php template in your theme.', $error_level = 16384) D:\wamp64\www\wordpress\wp-includes\functions.php:6121
[12-Nov-2025 01:12:23 UTC] PHP Deprecated:  File Theme without sidebar.php is <strong>deprecated</strong> since version 3.0.0 with no alternative available. Please include a sidebar.php template in your theme. in D:\wamp64\www\wordpress\wp-includes\functions.php on line 6121
[12-Nov-2025 01:12:23 UTC] PHP Stack trace:
[12-Nov-2025 01:12:23 UTC] PHP   1. {main}() D:\wamp64\www\wordpress\index.php:0
[12-Nov-2025 01:12:23 UTC] PHP   2. require() D:\wamp64\www\wordpress\index.php:17
[12-Nov-2025 01:12:23 UTC] PHP   3. require_once() D:\wamp64\www\wordpress\wp-blog-header.php:19
[12-Nov-2025 01:12:23 UTC] PHP   4. include() D:\wamp64\www\wordpress\wp-includes\template-loader.php:106
[12-Nov-2025 01:12:23 UTC] PHP   5. do_action($hook_name = 'woocommerce_sidebar') D:\wamp64\www\wordpress\wp-content\plugins\woocommerce\templates\archive-product.php:95
[12-Nov-2025 01:12:23 UTC] PHP   6. WP_Hook->do_action($args = [0 => '']) D:\wamp64\www\wordpress\wp-includes\plugin.php:517
[12-Nov-2025 01:12:23 UTC] PHP   7. WP_Hook->apply_filters($value = '', $args = [0 => '']) D:\wamp64\www\wordpress\wp-includes\class-wp-hook.php:348
[12-Nov-2025 01:12:23 UTC] PHP   8. woocommerce_get_sidebar('') D:\wamp64\www\wordpress\wp-includes\class-wp-hook.php:324
[12-Nov-2025 01:12:23 UTC] PHP   9. wc_get_template($template_name = 'global/sidebar.php', $args = *uninitialized*, $template_path = *uninitialized*, $default_path = *uninitialized*) D:\wamp64\www\wordpress\wp-content\plugins\woocommerce\includes\wc-template-functions.php:1077
[12-Nov-2025 01:12:23 UTC] PHP  10. include() D:\wamp64\www\wordpress\wp-content\plugins\woocommerce\includes\wc-core-functions.php:346
[12-Nov-2025 01:12:23 UTC] PHP  11. get_sidebar($name = 'shop', $args = *uninitialized*) D:\wamp64\www\wordpress\wp-content\plugins\woocommerce\templates\global\sidebar.php:22
[12-Nov-2025 01:12:23 UTC] PHP  12. locate_template($template_names = [0 => 'sidebar-shop.php', 1 => 'sidebar.php'], $load = TRUE, $load_once = TRUE, $args = []) D:\wamp64\www\wordpress\wp-includes\general-template.php:136
[12-Nov-2025 01:12:23 UTC] PHP  13. load_template($_template_file = 'D:\\wamp64\\www\\wordpress/wp-includes/theme-compat/sidebar.php', $load_once = TRUE, $args = []) D:\wamp64\www\wordpress\wp-includes\template.php:745
[12-Nov-2025 01:12:23 UTC] PHP  14. require_once() D:\wamp64\www\wordpress\wp-includes\template.php:810
[12-Nov-2025 01:12:23 UTC] PHP  15. _deprecated_file($file = 'Theme without sidebar.php', $version = '3.0.0', $replacement = NULL, $message = 'Please include a sidebar.php template in your theme.') D:\wamp64\www\wordpress\wp-includes\theme-compat\sidebar.php:9
[12-Nov-2025 01:12:23 UTC] PHP  16. wp_trigger_error($function_name = '', $message = 'File Theme without sidebar.php is <strong>deprecated</strong> since version 3.0.0 with no alternative available. Please include a sidebar.php template in your theme.', $error_level = 16384) D:\wamp64\www\wordpress\wp-includes\functions.php:5831
[12-Nov-2025 01:12:23 UTC] PHP  17. trigger_error($message = 'File Theme without sidebar.php is <strong>deprecated</strong> since version 3.0.0 with no alternative available. Please include a sidebar.php template in your theme.', $error_level = 16384) D:\wamp64\www\wordpress\wp-includes\functions.php:6121
[12-Nov-2025 01:56:03 UTC] Automatic updates starting...
[12-Nov-2025 01:56:03 UTC]   Automatic plugin updates starting...
[12-Nov-2025 01:56:03 UTC]   Automatic plugin updates complete.
[12-Nov-2025 01:56:04 UTC]   Automatic theme updates starting...
[12-Nov-2025 01:56:04 UTC]   Automatic theme updates complete.
[12-Nov-2025 01:56:04 UTC] Automatic updates complete.
[12-Nov-2025 02:00:15 UTC] PHP Warning:  Undefined global variable $product in D:\wamp64\www\wordpress\wp-content\plugins\woocommerce\includes\wc-template-functions.php on line 2029
[12-Nov-2025 02:00:15 UTC] PHP Stack trace:
[12-Nov-2025 02:00:15 UTC] PHP   1. {main}() D:\wamp64\www\wordpress\index.php:0
[12-Nov-2025 02:00:15 UTC] PHP   2. require() D:\wamp64\www\wordpress\index.php:17
[12-Nov-2025 02:00:15 UTC] PHP   3. require_once() D:\wamp64\www\wordpress\wp-blog-header.php:19
[12-Nov-2025 02:00:15 UTC] PHP   4. include() D:\wamp64\www\wordpress\wp-includes\template-loader.php:106
[12-Nov-2025 02:00:15 UTC] PHP   5. the_content($more_link_text = *uninitialized*, $strip_teaser = *uninitialized*) D:\wamp64\www\wordpress\wp-content\themes\doAnCMS\page.php:12
[12-Nov-2025 02:00:15 UTC] PHP   6. apply_filters($hook_name = 'the_content', $value = '<!-- wp:shortcode -->\n[woocommerce_cart]\n<!-- /wp:shortcode -->\n\n<!-- wp:paragraph -->\n<p></p>\n<!-- /wp:paragraph -->') D:\wamp64\www\wordpress\wp-includes\post-template.php:256
[12-Nov-2025 02:00:15 UTC] PHP   7. WP_Hook->apply_filters($value = '<!-- wp:shortcode -->\n[woocommerce_cart]\n<!-- /wp:shortcode -->\n\n<!-- wp:paragraph -->\n<p></p>\n<!-- /wp:paragraph -->', $args = [0 => '<!-- wp:shortcode -->\n[woocommerce_cart]\n<!-- /wp:shortcode -->\n\n<!-- wp:paragraph -->\n<p></p>\n<!-- /wp:paragraph -->']) D:\wamp64\www\wordpress\wp-includes\plugin.php:205
[12-Nov-2025 02:00:15 UTC] PHP   8. do_shortcode($content = '[woocommerce_cart]\n\n\n\n<p></p>\n', $ignore_html = *uninitialized*) D:\wamp64\www\wordpress\wp-includes\class-wp-hook.php:324
[12-Nov-2025 02:00:15 UTC] PHP   9. preg_replace_callback($pattern = '/\\[(\\[?)(woocommerce_cart)(?![\\w-])([^\\]\\/]*(?:\\/(?!\\])[^\\]\\/]*)*?)(?:(\\/)\\]|\\](?:([^\\[]*+(?:\\[(?!\\/\\2\\])[^\\[]*+)*+)\\[\\/\\2\\])?)(\\]?)/', $callback = 'do_shortcode_tag', $subject = '[woocommerce_cart]\n\n\n\n<p></p>\n') D:\wamp64\www\wordpress\wp-includes\shortcodes.php:273
[12-Nov-2025 02:00:15 UTC] PHP  10. do_shortcode_tag($m = [0 => '[woocommerce_cart]', 1 => '', 2 => 'woocommerce_cart', 3 => '', 4 => '', 5 => '', 6 => '']) D:\wamp64\www\wordpress\wp-includes\shortcodes.php:273
[12-Nov-2025 02:00:15 UTC] PHP  11. WC_Shortcodes::cart([], '', 'woocommerce_cart') D:\wamp64\www\wordpress\wp-includes\shortcodes.php:434
[12-Nov-2025 02:00:15 UTC] PHP  12. WC_Shortcodes::shortcode_wrapper($function = [0 => 'WC_Shortcode_Cart', 1 => 'output'], $atts = *uninitialized*, $wrapper = *uninitialized*) D:\wamp64\www\wordpress\wp-content\plugins\woocommerce\includes\class-wc-shortcodes.php:88
[12-Nov-2025 02:00:15 UTC] PHP  13. WC_Shortcode_Cart::output($atts = []) D:\wamp64\www\wordpress\wp-content\plugins\woocommerce\includes\class-wc-shortcodes.php:75
[12-Nov-2025 02:00:15 UTC] PHP  14. wc_get_template($template_name = 'cart/cart.php', $args = *uninitialized*, $template_path = *uninitialized*, $default_path = *uninitialized*) D:\wamp64\www\wordpress\wp-content\plugins\woocommerce\includes\shortcodes\class-wc-shortcode-cart.php:101
[12-Nov-2025 02:00:15 UTC] PHP  15. include() D:\wamp64\www\wordpress\wp-content\plugins\woocommerce\includes\wc-core-functions.php:346
[12-Nov-2025 02:00:15 UTC] PHP  16. woocommerce_quantity_input($args = ['input_name' => 'cart[42a0e188f5033bc65bf8d78622277c4e][qty]', 'input_value' => 4, 'max_value' => -1, 'min_value' => 0], $product = *uninitialized*, $echo = *uninitialized*) D:\wamp64\www\wordpress\wp-content\themes\doAnCMS\woocommerce\cart\cart.php:59
[12-Nov-2025 02:00:15 UTC] PHP Warning:  Undefined global variable $product in D:\wamp64\www\wordpress\wp-content\plugins\woocommerce\includes\wc-template-functions.php on line 2029
[12-Nov-2025 02:00:15 UTC] PHP Stack trace:
[12-Nov-2025 02:00:15 UTC] PHP   1. {main}() D:\wamp64\www\wordpress\index.php:0
[12-Nov-2025 02:00:15 UTC] PHP   2. require() D:\wamp64\www\wordpress\index.php:17
[12-Nov-2025 02:00:15 UTC] PHP   3. require_once() D:\wamp64\www\wordpress\wp-blog-header.php:19
[12-Nov-2025 02:00:15 UTC] PHP   4. include() D:\wamp64\www\wordpress\wp-includes\template-loader.php:106
[12-Nov-2025 02:00:15 UTC] PHP   5. the_content($more_link_text = *uninitialized*, $strip_teaser = *uninitialized*) D:\wamp64\www\wordpress\wp-content\themes\doAnCMS\page.php:12
[12-Nov-2025 02:00:15 UTC] PHP   6. apply_filters($hook_name = 'the_content', $value = '<!-- wp:shortcode -->\n[woocommerce_cart]\n<!-- /wp:shortcode -->\n\n<!-- wp:paragraph -->\n<p></p>\n<!-- /wp:paragraph -->') D:\wamp64\www\wordpress\wp-includes\post-template.php:256
[12-Nov-2025 02:00:15 UTC] PHP   7. WP_Hook->apply_filters($value = '<!-- wp:shortcode -->\n[woocommerce_cart]\n<!-- /wp:shortcode -->\n\n<!-- wp:paragraph -->\n<p></p>\n<!-- /wp:paragraph -->', $args = [0 => '<!-- wp:shortcode -->\n[woocommerce_cart]\n<!-- /wp:shortcode -->\n\n<!-- wp:paragraph -->\n<p></p>\n<!-- /wp:paragraph -->']) D:\wamp64\www\wordpress\wp-includes\plugin.php:205
[12-Nov-2025 02:00:15 UTC] PHP   8. do_shortcode($content = '[woocommerce_cart]\n\n\n\n<p></p>\n', $ignore_html = *uninitialized*) D:\wamp64\www\wordpress\wp-includes\class-wp-hook.php:324
[12-Nov-2025 02:00:15 UTC] PHP   9. preg_replace_callback($pattern = '/\\[(\\[?)(woocommerce_cart)(?![\\w-])([^\\]\\/]*(?:\\/(?!\\])[^\\]\\/]*)*?)(?:(\\/)\\]|\\](?:([^\\[]*+(?:\\[(?!\\/\\2\\])[^\\[]*+)*+)\\[\\/\\2\\])?)(\\]?)/', $callback = 'do_shortcode_tag', $subject = '[woocommerce_cart]\n\n\n\n<p></p>\n') D:\wamp64\www\wordpress\wp-includes\shortcodes.php:273
[12-Nov-2025 02:00:15 UTC] PHP  10. do_shortcode_tag($m = [0 => '[woocommerce_cart]', 1 => '', 2 => 'woocommerce_cart', 3 => '', 4 => '', 5 => '', 6 => '']) D:\wamp64\www\wordpress\wp-includes\shortcodes.php:273
[12-Nov-2025 02:00:15 UTC] PHP  11. WC_Shortcodes::cart([], '', 'woocommerce_cart') D:\wamp64\www\wordpress\wp-includes\shortcodes.php:434
[12-Nov-2025 02:00:15 UTC] PHP  12. WC_Shortcodes::shortcode_wrapper($function = [0 => 'WC_Shortcode_Cart', 1 => 'output'], $atts = *uninitialized*, $wrapper = *uninitialized*) D:\wamp64\www\wordpress\wp-content\plugins\woocommerce\includes\class-wc-shortcodes.php:88
[12-Nov-2025 02:00:15 UTC] PHP  13. WC_Shortcode_Cart::output($atts = []) D:\wamp64\www\wordpress\wp-content\plugins\woocommerce\includes\class-wc-shortcodes.php:75
[12-Nov-2025 02:00:15 UTC] PHP  14. wc_get_template($template_name = 'cart/cart.php', $args = *uninitialized*, $template_path = *uninitialized*, $default_path = *uninitialized*) D:\wamp64\www\wordpress\wp-content\plugins\woocommerce\includes\shortcodes\class-wc-shortcode-cart.php:101
[12-Nov-2025 02:00:15 UTC] PHP  15. include() D:\wamp64\www\wordpress\wp-content\plugins\woocommerce\includes\wc-core-functions.php:346
[12-Nov-2025 02:00:15 UTC] PHP  16. woocommerce_quantity_input($args = ['input_name' => 'cart[013d407166ec4fa56eb1e1f8cbe183b9][qty]', 'input_value' => 1, 'max_value' => -1, 'min_value' => 0], $product = *uninitialized*, $echo = *uninitialized*) D:\wamp64\www\wordpress\wp-content\themes\doAnCMS\woocommerce\cart\cart.php:59
[12-Nov-2025 02:41:20 UTC] PHP Fatal error:  Uncaught TypeError: call_user_func_array(): Argument #1 ($callback) must be a valid callback, function "theme_enqueue_styles" not found or invalid function name in D:\wamp64\www\wordpress\wp-includes\class-wp-hook.php:324
Stack trace:
#0 D:\wamp64\www\wordpress\wp-includes\class-wp-hook.php(348): WP_Hook->apply_filters(NULL, Array)
#1 D:\wamp64\www\wordpress\wp-includes\plugin.php(517): WP_Hook->do_action(Array)
#2 D:\wamp64\www\wordpress\wp-includes\script-loader.php(2299): do_action('wp_enqueue_scri...')
#3 D:\wamp64\www\wordpress\wp-includes\class-wp-hook.php(324): wp_enqueue_scripts('')
#4 D:\wamp64\www\wordpress\wp-includes\class-wp-hook.php(348): WP_Hook->apply_filters(NULL, Array)
#5 D:\wamp64\www\wordpress\wp-includes\plugin.php(517): WP_Hook->do_action(Array)
#6 D:\wamp64\www\wordpress\wp-includes\general-template.php(3192): do_action('wp_head')
#7 D:\wamp64\www\wordpress\wp-content\themes\doAnCMS\header.php(7): wp_head()
#8 D:\wamp64\www\wordpress\wp-includes\template.php(810): require_once('D:\\wamp64\\www\\w...')
#9 D:\wamp64\www\wordpress\wp-includes\template.php(745): load_template('D:\\wamp64\\www\\w...', true, Array)
#10 D:\wamp64\www\wordpress\wp-includes\general-template.php(48): locate_template(Array, true, true, Array)
#11 D:\wamp64\www\wordpress\wp-content\themes\doAnCMS\page.php(1): get_header()
#12 D:\wamp64\www\wordpress\wp-includes\template-loader.php(106): include('D:\\wamp64\\www\\w...')
#13 D:\wamp64\www\wordpress\wp-blog-header.php(19): require_once('D:\\wamp64\\www\\w...')
#14 D:\wamp64\www\wordpress\index.php(17): require('D:\\wamp64\\www\\w...')
#15 {main}
  thrown in D:\wamp64\www\wordpress\wp-includes\class-wp-hook.php on line 324
