2025-11-17T00:51:08+00:00 DEBUG tt4b_product_delete: missing access token for tt4b_product_sync
2025-11-17T00:51:24+00:00 DEBUG tt4b_product_delete: missing access token for tt4b_product_sync
2025-11-17T00:51:24+00:00 DEBUG tt4b_product_delete: missing access token for tt4b_product_sync
2025-11-17T00:51:24+00:00 DEBUG tt4b_product_delete: missing access token for tt4b_product_sync
2025-11-17T00:56:10+00:00 DEBUG tt4b_product_delete: missing access token for tt4b_product_sync
2025-11-17T01:29:14+00:00 DEBUG tt4b_product_delete: missing access token for tt4b_product_sync
2025-11-17T01:29:38+00:00 DEBUG tt4b_product_delete: missing access token for tt4b_product_sync
2025-11-17T01:29:38+00:00 DEBUG tt4b_product_delete: missing access token for tt4b_product_sync
2025-11-17T01:29:38+00:00 DEBUG tt4b_product_delete: missing access token for tt4b_product_sync
2025-11-17T01:29:38+00:00 DEBUG tt4b_product_delete: missing access token for tt4b_product_sync
2025-11-17T01:29:38+00:00 DEBUG tt4b_product_delete: missing access token for tt4b_product_sync
2025-11-17T01:29:38+00:00 DEBUG tt4b_product_delete: missing access token for tt4b_product_sync
2025-11-17T01:29:38+00:00 DEBUG tt4b_product_delete: missing access token for tt4b_product_sync
2025-11-17T08:29:05+00:00 DEBUG Tt4b_Pixel_Class::inject_initiate_checkout_event: hit InitiateCheckout
2025-11-17T08:29:05+00:00 DEBUG Tt4b_Pixel_Class::inject_initiate_checkout_event: Missing option "access_token"
2025-11-17T09:11:16+00:00 DEBUG Tt4b_Pixel_Class::inject_add_to_cart_event: hit AddToCart
2025-11-17T09:11:16+00:00 DEBUG Tt4b_Pixel_Class::inject_add_to_cart_event: Missing option "access_token"
2025-11-17T09:20:08+00:00 DEBUG Tt4b_Pixel_Class::inject_add_to_cart_event: hit AddToCart
2025-11-17T09:20:08+00:00 DEBUG Tt4b_Pixel_Class::inject_add_to_cart_event: Missing option "access_token"
2025-11-17T10:38:09+00:00 DEBUG Tt4b_Pixel_Class::inject_view_content_event: hit ViewContent
2025-11-17T11:38:22+00:00 DEBUG Tt4b_Pixel_Class::inject_initiate_checkout_event: hit InitiateCheckout
2025-11-17T11:38:22+00:00 DEBUG Tt4b_Pixel_Class::inject_initiate_checkout_event: Missing option "access_token"
2025-11-17T12:00:38+00:00 DEBUG Tt4b_Pixel_Class::inject_initiate_checkout_event: hit InitiateCheckout
2025-11-17T12:00:38+00:00 DEBUG Tt4b_Pixel_Class::inject_initiate_checkout_event: Missing option "access_token"
2025-11-17T12:00:54+00:00 DEBUG Tt4b_Pixel_Class::inject_add_to_cart_event: hit AddToCart
2025-11-17T12:00:54+00:00 DEBUG Tt4b_Pixel_Class::inject_add_to_cart_event: Missing option "access_token"
2025-11-17T12:01:38+00:00 DEBUG Tt4b_Pixel_Class::inject_add_to_cart_event: hit AddToCart
2025-11-17T12:01:38+00:00 DEBUG Tt4b_Pixel_Class::inject_add_to_cart_event: Missing option "access_token"
2025-11-17T12:46:45+00:00 DEBUG Tt4b_Pixel_Class::inject_add_to_cart_event: hit AddToCart
2025-11-17T12:46:45+00:00 DEBUG Tt4b_Pixel_Class::inject_add_to_cart_event: Missing option "access_token"
2025-11-17T12:46:55+00:00 DEBUG Tt4b_Pixel_Class::inject_add_to_cart_event: hit AddToCart
2025-11-17T12:46:55+00:00 DEBUG Tt4b_Pixel_Class::inject_add_to_cart_event: Missing option "access_token"
2025-11-17T14:55:46+00:00 DEBUG Tt4b_Pixel_Class::inject_add_to_cart_event: hit AddToCart
2025-11-17T14:55:46+00:00 DEBUG Tt4b_Pixel_Class::inject_add_to_cart_event: Missing option "access_token"
2025-11-17T14:55:54+00:00 DEBUG Tt4b_Pixel_Class::inject_initiate_checkout_event: hit InitiateCheckout
2025-11-17T14:55:54+00:00 DEBUG Tt4b_Pixel_Class::inject_initiate_checkout_event: Missing option "access_token"
