2025-11-21T04:12:16+00:00 DEBUG POST: https://business-api.tiktok.com/tbp/v2.0/business_profile/disconnect?external_data=

{"business_platform":"WOO_COMMERCE","external_business_id":"tt4b_woocommerce_690b1521c29fc"}
 ajax: no
2025-11-21T04:12:16+00:00 DEBUG Tt4b_Mapi_Class::tbp_post: Response: 

HTTP/1.1 200 OK
Content-Type: application/json; charset=utf-8
Content-Length: 95
X-Api-Deprecation-Info: API for Business Version 1.3 is now live. To avoid disruption to your business, we recommend you migrate all calls to v1.3 as soon as possible. Please visit our migration guide for more details: https://ads.tiktok.com/marketing_api/docs?id=1740029169927169
X-Domain-Change-Info: We have moved to the new domain business-api.tiktok.com for API services after the Platform Upgrade on 09/30/2021. Please update all of your requests with the new domain if you haven't done so already. For more information, please visit https://ads.tiktok.com/marketing_api/docs?rid=esb88xalm6m&id=1709207085043713
X-Tt-Logid: 2025112112121526D7D18B570A06D4F06E
Access-Control-Expose-Headers: x-tt-traceflag,x-tt-logid
x-tt-trace-host: 01b9feecf02a3a31fb778e44ffb9134569c39167728dba36e11d6ab3477c4b9f5950aa51a3ca2c2c2cc4002f82b8ab5edfafbe0650e7dea76d9c27f7e13b80d418c3d47116e8a76aec19c3864b7faa545eb60037b199c861e11f133a062841ad3a0defc12d74b184a10bd481e5fbd971df
x-tt-trace-id: 00-25112112121526D7D18B570A06D4F06E-5E872A325A7A7909-00
Server: TLB
X-Origin-Response-Time: 9,173.222.132.207
X-Akamai-Request-ID: 20a370fe.5a0ff723
Expires: Fri, 21 Nov 2025 04:12:15 GMT
Cache-Control: max-age=0, no-cache, no-store
Pragma: no-cache
Date: Fri, 21 Nov 2025 04:12:15 GMT
X-Cache: TCP_MISS from a113-171-234-45.deploy.akamaitechnologies.com (AkamaiGHost/22.3.2.1-992afe98b9405e84f19be223dce3e955) (-)
Connection: close
X-Cache-Remote: TCP_MISS from a173-222-132-207.deploy.akamaitechnologies.com (AkamaiGHost/22.3.2.1-992afe98b9405e84f19be223dce3e955) (-)
x-tt-trace-tag: id=16;cdn-cache=miss;type=dyn
Server-Timing: cdn-cache; desc=MISS, edge; dur=32, origin; dur=9
Server-Timing: inner; dur=6
X-Parent-Response-Time: 39,113.171.234.45

{"code":40001,"message":"Permission denied.","request_id":"2025112112121526D7D18B570A06D4F06E"}

2025-11-21T04:12:16+00:00 DEBUG POST: https://business-api.tiktok.com/tbp/v2.0/shop/connection/disconnect?external_data=

--- EMPTY STRING ---
 ajax: no
2025-11-21T04:12:17+00:00 DEBUG Tt4b_Mapi_Class::tts_shop_disconnect: Response: 

HTTP/1.1 200 OK
Content-Type: application/json; charset=utf-8
Content-Length: 95
X-Api-Deprecation-Info: API for Business Version 1.3 is now live. To avoid disruption to your business, we recommend you migrate all calls to v1.3 as soon as possible. Please visit our migration guide for more details: https://ads.tiktok.com/marketing_api/docs?id=1740029169927169
X-Domain-Change-Info: We have moved to the new domain business-api.tiktok.com for API services after the Platform Upgrade on 09/30/2021. Please update all of your requests with the new domain if you haven't done so already. For more information, please visit https://ads.tiktok.com/marketing_api/docs?rid=esb88xalm6m&id=1709207085043713
X-Tt-Logid: 2025112112121589EABEB63374BFD49150
Access-Control-Expose-Headers: x-tt-traceflag,x-tt-logid
x-tt-trace-host: 01b9feecf02a3a31fb778e44ffb9134569867fdb7dbde369c050d869e1d3692e24f1eb882590c244378c534647d0334af067648382fa753272d6416640d913060c91e4947d6b75159f6ff42d793484d046a9a6a3815281a3422fc88f88c71c460e436a80cd7bdfb0420d4e73229fd5e41b
x-tt-trace-id: 00-25112112121589EABEB63374BFD49150-7F10F79A67B1DBB1-00
Server: TLB
X-Origin-Response-Time: 11,23.49.60.165
X-Akamai-Request-ID: c985d6e.5b9c9c72
Expires: Fri, 21 Nov 2025 04:12:15 GMT
Cache-Control: max-age=0, no-cache, no-store
Pragma: no-cache
Date: Fri, 21 Nov 2025 04:12:15 GMT
X-Cache: TCP_MISS from a113-171-234-39.deploy.akamaitechnologies.com (AkamaiGHost/22.3.2-3132366524ab32492078dda91c109cd6) (-)
Connection: close
X-Cache-Remote: TCP_MISS from a23-49-60-165.deploy.akamaitechnologies.com (AkamaiGHost/22.3.2.1-992afe98b9405e84f19be223dce3e955) (-)
x-tt-trace-tag: id=16;cdn-cache=miss;type=dyn
Server-Timing: cdn-cache; desc=MISS, edge; dur=35, origin; dur=11
Server-Timing: inner; dur=6
X-Parent-Response-Time: 44,113.171.234.39

{"code":40001,"message":"Permission denied.","request_id":"2025112112121589EABEB63374BFD49150"}

