2025-11-23T08:47:10+00:00 DEBUG #4606 - [New Request] GET /wordpress/wp-admin/admin.php
2025-11-23T08:47:10+00:00 DEBUG #4606 - GET https://api.woocommerce.com/integrations/ppc/v1/customer/partners/K8SKZ36LQBWXJ/merchant-integrations/
Response: Array
(
    [code] => 404
    [message] => Not Found
)

Response Body: {"statusCode":404,"error":"Not Found","message":"Not Found"}

2025-11-23T08:47:10+00:00 WARNING #4606 - [Error] Not Found CONTEXT: {"args":{"method":"GET","headers":{"Authorization":"Bearer token","Content-Type":"application/json"}},"response":{"headers":{},"body":"{"statusCode":404,"error":"Not Found","message":"Not Found"}","response":{"code":404,"message":"Not Found"},"cookies":[],"filename":null,"http_response":{"data":null,"headers":null,"status":null}}}
2025-11-23T08:47:15+00:00 DEBUG #4700 - [New Request] GET /wordpress/wp-json/wc/v3/wc_paypal/webhooks
2025-11-23T08:47:15+00:00 DEBUG #4700 - GET https://api.woocommerce.com/integrations/ppc/v1/notifications/webhooks
Response: Array
(
    [code] => 404
    [message] => Not Found
)

Response Body: {"statusCode":404,"error":"Not Found","message":"Not Found"}

2025-11-23T08:47:25+00:00 DEBUG #2772 - [New Request] POST /wordpress/wp-json/wc/v3/wc_paypal/login_link
2025-11-23T08:47:25+00:00 INFO #2772 - Generating onboarding URL for: production-express_checkout-
2025-11-23T08:47:28+00:00 DEBUG #2772 - POST https://api.woocommerce.com/integrations/ppc/v2/customer/partner-referrals
Request Body: {"partner_config_override":{"return_url":"http:\/\/localhost\/wordpress\/wp-admin\/admin.php?page=wc-settings&tab=checkout&section=ppcp-gateway&ppcpToken=eyJrIjoicHJvZHVjdGlvbi1leHByZXNzX2NoZWNrb3V0LSIsInUiOjEsImgiOiJlOTI4YjUwZTFhYjFlZDM3ZjM2OTA2NWZjMDVkM2U1NiJ9","return_url_description":"Return to your shop.","show_add_credit_card":false},"products":["EXPRESS_CHECKOUT"],"legal_consents":[{"type":"SHARE_DATA_CONSENT","granted":true}],"operations":[{"operation":"API_INTEGRATION","api_integration_preference":{"rest_api_integration":{"integration_method":"PAYPAL","integration_type":"FIRST_PARTY","first_party_details":{"features":["PAYMENT","REFUND","ADVANCED_TRANSACTIONS_SEARCH","TRACKING_SHIPMENT_READWRITE","BILLING_AGREEMENT"],"seller_nonce":"a1233wtergfsdt4365tzrshgfbaewa36AGa1233wtergfsdt4365tzrshgfbaewa36AG"}}}}]}
Response Debug ID: 24a488e2c79fe
Response: Array
(
    [code] => 201
    [message] => Created
)


2025-11-23T08:47:29+00:00 DEBUG #6089 - [New Request] POST /wordpress/wp-json/wc/v3/wc_paypal/login_link
2025-11-23T08:47:29+00:00 DEBUG #6089 - Loaded onboarding URL from cache: production-express_checkout-
2025-11-23T08:47:29+00:00 INFO #6089 - Using cached onboarding URL for: production-express_checkout-
2025-11-23T08:47:29+00:00 DEBUG #9268 - [New Request] POST /wordpress/wp-json/wc/v3/wc_paypal/login_link
2025-11-23T08:47:29+00:00 DEBUG #9268 - Loaded onboarding URL from cache: production-express_checkout-
2025-11-23T08:47:29+00:00 INFO #9268 - Using cached onboarding URL for: production-express_checkout-
